  Compiling CUDA source file kernel.cu...
  
  C:\Users\Francesco\source\repos\CudaExe1\CudaExe1>"C:\Program Files\NVIDIA GPU Computing Toolkit\CUDA\v12.4\bin\nvcc.exe" -gencode=arch=compute_52,code=\"sm_52,compute_52\" --use-local-env -ccbin "C:\Program Files\Microsoft Visual Studio\2022\Enterprise\VC\Tools\MSVC\14.39.33519\bin\HostX64\x64" -x cu   -I"C:\Program Files\NVIDIA GPU Computing Toolkit\CUDA\v12.4\include" -I"C:\Program Files\NVIDIA GPU Computing Toolkit\CUDA\v12.4\include"  -G   --keep-dir x64\Debug  -maxrregcount=0   --machine 64 --compile -cudart static  -g  -DWIN32 -DWIN64 -D_DEBUG -D_CONSOLE -D_MBCS -Xcompiler "/EHsc /W3 /nologo /Od /FS /Zi /RTC1 /MDd " -Xcompiler "/Fdx64\Debug\vc143.pdb" -o C:\Users\Francesco\source\repos\CudaExe1\CudaExe1\x64\Debug\kernel.cu.obj "C:\Users\Francesco\source\repos\CudaExe1\CudaExe1\kernel.cu" 
C:\Users\Francesco\source\repos\CudaExe1\CudaExe1\kernel.cu(117): warning #20091-D: a __constant__ variable "d_kernel" cannot be directly read in a host function
        convolution2DKernel << <gridSize, blockSize >> > (d_input, d_kernel, d_output);
                                                                   ^
  
  Remark: The warnings can be suppressed with "-diag-suppress <warning-number>"
  
C:\Users\Francesco\source\repos\CudaExe1\CudaExe1\kernel.cu(125): warning #20091-D: a __constant__ variable "d_kernel" cannot be directly read in a host function
        cudaFree(d_kernel);
                 ^
  
C:\Users\Francesco\source\repos\CudaExe1\CudaExe1\kernel.cu(30): warning #550-D: variable "passo" was set but never used
        int passo;
            ^
  
  Remark: The warnings can be suppressed with "-diag-suppress <warning-number>"
  
  kernel.cu
  tmpxft_000018a4_00000000-7_kernel.cudafe1.cpp
C:\Users\Francesco\source\repos\CudaExe1\CudaExe1\kernel.cu(101): warning C4244: 'inizializzazione': conversione da 'float' a 'int'. Possibile perdita di dati.
C:\Users\Francesco\source\repos\CudaExe1\CudaExe1\kernel.cu(102): warning C4244: 'inizializzazione': conversione da 'float' a 'int'. Possibile perdita di dati.
     Creazione della libreria C:\Users\Francesco\source\repos\CudaExe1\x64\Debug\CudaExe1.lib e dell'oggetto C:\Users\Francesco\source\repos\CudaExe1\x64\Debug\CudaExe1.exp
LINK : warning LNK4098: la libreria predefinita 'LIBCMT' è in conflitto con l'utilizzo di altre librerie; usare /NODEFAULTLIB:libreria
  CudaExe1.vcxproj -> C:\Users\Francesco\source\repos\CudaExe1\x64\Debug\CudaExe1.exe
